<?xml version="1.0" encoding="UTF-8"?>
<!-- Generated by org.testng.reporters.JUnitReportReporter -->
<testsuite hostname="DESKTOP-9BR5LHK" name="com.cucumberFramework.testRunner.TestRunner" tests="1" failures="0" timestamp="15 Feb 2022 07:32:02 GMT" time="11.675" errors="0">
  <testcase name="feature" time="11.675" classname="com.cucumberFramework.testRunner.TestRunner"/>
</testsuite> <!-- com.cucumberFramework.testRunner.TestRunner -->
